{
  "0 debug pnpm:scope": {
    "selected": 1
  },
  "1 debug pnpm:package-manifest": {
    "initial": {},
    "prefix": "/Users/xiniu/Library/pnpm/store/v3/tmp/dlx-38515"
  },
  "2 debug pnpm:context": {
    "currentLockfileExists": false,
    "storeDir": "/Users/xiniu/Library/pnpm/store/v3",
    "virtualStoreDir": "/Users/xiniu/Library/pnpm/store/v3/tmp/dlx-38515/node_modules/.pnpm"
  },
  "3 debug pnpm:stage": {
    "prefix": "/Users/xiniu/Library/pnpm/store/v3/tmp/dlx-38515",
    "stage": "resolution_started"
  },
  "4 debug pnpm:_dependency_resolved": {
    "resolution": "registry.npmmirror.com/husky-init/8.0.0",
    "wanted": {
      "dependentId": ".",
      "name": "husky-init",
      "rawSpec": "latest"
    }
  },
  "5 debug pnpm:progress": {
    "packageId": "registry.npmmirror.com/husky-init/8.0.0",
    "requester": "/Users/xiniu/Library/pnpm/store/v3/tmp/dlx-38515",
    "status": "resolved"
  },
  "6 debug pnpm:_dependency_resolved": {
    "resolution": "registry.npmmirror.com/husky/8.0.1",
    "wanted": {
      "dependentId": "/husky-init/8.0.0",
      "name": "husky",
      "rawSpec": "^8.0.0"
    }
  },
  "7 debug pnpm:progress": {
    "packageId": "registry.npmmirror.com/husky/8.0.1",
    "requester": "/Users/xiniu/Library/pnpm/store/v3/tmp/dlx-38515",
    "status": "resolved"
  },
  "8 debug pnpm:package-manifest": {
    "prefix": "/Users/xiniu/Library/pnpm/store/v3/tmp/dlx-38515",
    "updated": {
      "dependencies": {
        "husky-init": "^8.0.0"
      }
    }
  },
  "9 debug pnpm:package-manifest": {
    "prefix": "/Users/xiniu/Library/pnpm/store/v3/tmp/dlx-38515",
    "updated": {
      "dependencies": {
        "husky-init": "^8.0.0"
      }
    }
  },
  "10 debug pnpm:stage": {
    "prefix": "/Users/xiniu/Library/pnpm/store/v3/tmp/dlx-38515",
    "stage": "resolution_done"
  },
  "11 debug pnpm:stats": {
    "prefix": "/Users/xiniu/Library/pnpm/store/v3/tmp/dlx-38515",
    "removed": 0
  },
  "12 debug pnpm:stage": {
    "prefix": "/Users/xiniu/Library/pnpm/store/v3/tmp/dlx-38515",
    "stage": "importing_started"
  },
  "13 debug pnpm:stats": {
    "added": 2,
    "prefix": "/Users/xiniu/Library/pnpm/store/v3/tmp/dlx-38515"
  },
  "14 debug pnpm:link": {
    "target": "/Users/xiniu/Library/pnpm/store/v3/tmp/dlx-38515/node_modules/.pnpm/husky@8.0.1/node_modules/husky",
    "link": "/Users/xiniu/Library/pnpm/store/v3/tmp/dlx-38515/node_modules/.pnpm/husky-init@8.0.0/node_modules/husky"
  },
  "15 debug pnpm:fetching-progress": {
    "attempt": 1,
    "packageId": "registry.npmmirror.com/husky-init/8.0.0",
    "size": 2403,
    "status": "started"
  },
  "16 debug pnpm:fetching-progress": {
    "attempt": 1,
    "packageId": "registry.npmmirror.com/husky/8.0.1",
    "size": 3058,
    "status": "started"
  },
  "17 debug pnpm:progress": {
    "packageId": "registry.npmmirror.com/husky-init/8.0.0",
    "requester": "/Users/xiniu/Library/pnpm/store/v3/tmp/dlx-38515",
    "status": "fetched"
  },
  "18 debug pnpm:progress": {
    "packageId": "registry.npmmirror.com/husky/8.0.1",
    "requester": "/Users/xiniu/Library/pnpm/store/v3/tmp/dlx-38515",
    "status": "fetched"
  },
  "19 debug pnpm:package-import-method": {
    "method": "hardlink"
  },
  "20 debug pnpm:progress": {
    "method": "hardlink",
    "requester": "/Users/xiniu/Library/pnpm/store/v3/tmp/dlx-38515",
    "status": "imported",
    "to": "/Users/xiniu/Library/pnpm/store/v3/tmp/dlx-38515/node_modules/.pnpm/husky-init@8.0.0/node_modules/husky-init"
  },
  "21 debug pnpm:package-import-method": {
    "method": "hardlink"
  },
  "22 debug pnpm:progress": {
    "method": "hardlink",
    "requester": "/Users/xiniu/Library/pnpm/store/v3/tmp/dlx-38515",
    "status": "imported",
    "to": "/Users/xiniu/Library/pnpm/store/v3/tmp/dlx-38515/node_modules/.pnpm/husky@8.0.1/node_modules/husky"
  },
  "23 debug pnpm:stage": {
    "prefix": "/Users/xiniu/Library/pnpm/store/v3/tmp/dlx-38515",
    "stage": "importing_done"
  },
  "24 debug pnpm:link": {
    "target": "/Users/xiniu/Library/pnpm/store/v3/tmp/dlx-38515/node_modules/.pnpm/husky-init@8.0.0/node_modules/husky-init",
    "link": "/Users/xiniu/Library/pnpm/store/v3/tmp/dlx-38515/node_modules/husky-init"
  },
  "25 debug pnpm:root": {
    "added": {
      "dependencyType": "prod",
      "id": "registry.npmmirror.com/husky-init/8.0.0",
      "name": "husky-init",
      "realName": "husky-init",
      "version": "8.0.0"
    },
    "prefix": "/Users/xiniu/Library/pnpm/store/v3/tmp/dlx-38515"
  },
  "26 debug pnpm:link": {
    "target": "/Users/xiniu/Library/pnpm/store/v3/tmp/dlx-38515/node_modules/.pnpm/husky@8.0.1/node_modules/husky",
    "link": "/Users/xiniu/Library/pnpm/store/v3/tmp/dlx-38515/node_modules/.pnpm/node_modules/husky"
  },
  "27 debug pnpm:summary": {
    "prefix": "/Users/xiniu/Library/pnpm/store/v3/tmp/dlx-38515"
  },
  "28 error pnpm": {
    "shortMessage": "Command failed with exit code 1: /Users/xiniu/Library/pnpm/store/v3/tmp/dlx-38515/node_modules/.bin/husky-init",
    "command": "/Users/xiniu/Library/pnpm/store/v3/tmp/dlx-38515/node_modules/.bin/husky-init",
    "escapedCommand": "\"/Users/xiniu/Library/pnpm/store/v3/tmp/dlx-38515/node_modules/.bin/husky-init\"",
    "exitCode": 1,
    "failed": true,
    "timedOut": false,
    "isCanceled": false,
    "killed": false,
    "err": {
      "name": "pnpm",
      "message": "Command failed with exit code 1: /Users/xiniu/Library/pnpm/store/v3/tmp/dlx-38515/node_modules/.bin/husky-init",
      "stack": "pnpm: Command failed with exit code 1: /Users/xiniu/Library/pnpm/store/v3/tmp/dlx-38515/node_modules/.bin/husky-init\n    at makeError (/Users/xiniu/.nvm/versions/node/v14.17.6/pnpm-global/5/node_modules/.pnpm/registry.npmmirror.com+pnpm@7.5.0/node_modules/pnpm/dist/pnpm.cjs:22159:17)\n    at handlePromise (/Users/xiniu/.nvm/versions/node/v14.17.6/pnpm-global/5/node_modules/.pnpm/registry.npmmirror.com+pnpm@7.5.0/node_modules/pnpm/dist/pnpm.cjs:22730:33)\n    at processTicksAndRejections (internal/process/task_queues.js:95:5)\n    at async Object.handler [as dlx] (/Users/xiniu/.nvm/versions/node/v14.17.6/pnpm-global/5/node_modules/.pnpm/registry.npmmirror.com+pnpm@7.5.0/node_modules/pnpm/dist/pnpm.cjs:184019:7)\n    at async /Users/xiniu/.nvm/versions/node/v14.17.6/pnpm-global/5/node_modules/.pnpm/registry.npmmirror.com+pnpm@7.5.0/node_modules/pnpm/dist/pnpm.cjs:192593:21\n    at async run (/Users/xiniu/.nvm/versions/node/v14.17.6/pnpm-global/5/node_modules/.pnpm/registry.npmmirror.com+pnpm@7.5.0/node_modules/pnpm/dist/pnpm.cjs:192567:34)\n    at async runPnpm (/Users/xiniu/.nvm/versions/node/v14.17.6/pnpm-global/5/node_modules/.pnpm/registry.npmmirror.com+pnpm@7.5.0/node_modules/pnpm/dist/pnpm.cjs:192785:5)\n    at async /Users/xiniu/.nvm/versions/node/v14.17.6/pnpm-global/5/node_modules/.pnpm/registry.npmmirror.com+pnpm@7.5.0/node_modules/pnpm/dist/pnpm.cjs:192777:7"
    }
  }
}